<?xml version="1.0" encoding="UTF-8"?>
<!-- Generated by org.testng.reporters.JUnitXMLReporter -->
<testsuite ignored="0" hostname="DESKTOP-S2I7VH9" failures="0" tests="23" name="Report_Test" time="39.346" errors="0" timestamp="2021-03-10T11:44:39 IST">
  <testcase classname="stepDefinitions3.RateApi2" name="api_is_given_for_foreign_exchange" time="0.019"/>
  <testcase classname="stepDefinitions3.RateApi2" name="checking_the_url" time="0.003"/>
  <testcase classname="stepDefinitions3.RateApi2" name="getting_the_response" time="0.004"/>
  <testcase classname="stepDefinitions3.exchangeSD3" name="api_for_foreign_exchange" time="0.007"/>
  <testcase classname="stepDefinitions3.exchangeSD3" name="posted_with_correct_information" time="0.002"/>
  <testcase classname="stepDefinitions3.exchangeSD3" name="validate_positive_response_code_received" time="15.064"/>
  <testcase classname="stepDefinitions3.Assirtions4" name="url_is_given" time="0.001"/>
  <testcase classname="stepDefinitions3.Assirtions4" name="navigate_to_url_and_get_response" time="3.852"/>
  <testcase classname="stepDefinitions3.Assirtions4" name="validate_status_code_and_status_line" time="0.004"/>
  <testcase classname="stepDefinitions3.Assign5_Neg_scenario" name="setting_up_url" time="0.001"/>
  <testcase classname="stepDefinitions3.Assign5_Neg_scenario" name="response_fetched" time="2.973"/>
  <testcase classname="stepDefinitions3.Assign5_Neg_scenario" name="validating_the_response_received" time="0.418"/>
  <testcase classname="stepDefinitions3.Assign6_Neg_Scenario" name="setting_up_environment" time="0.023"/>
  <testcase classname="stepDefinitions3.Assign6_Neg_Scenario" name="response_is_invoked" time="2.115"/>
  <testcase classname="stepDefinitions3.Assign6_Neg_Scenario" name="validation_for_response_code" time="0.001"/>
  <testcase classname="stepDefinitions3.Assign7" name="api_is_given_for_foreign_exchange_website" time="0.001"/>
  <testcase classname="stepDefinitions3.Assign7" name="when_posted_with_future_date" time="2.992"/>
  <testcase classname="stepDefinitions3.Assign7" name="validate_the_date_from_body" time="1.539"/>
  <testcase classname="stepDefinitions3.Assign9DataProvider" name="getting_website" time="2.038"/>
  <testcase classname="stepDefinitions3.Assign9DataProvider" name="getting_website" time="3.848"/>
  <testcase classname="stepDefinitions3.Assign9DataProvider" name="getting_website" time="2.105"/>
  <testcase classname="stepDefinitions3.Assign9DataProvider" name="getting_response_from_website_provided" time="2.168"/>
  <testcase classname="stepDefinitions3.Assign9DataProvider" name="validating_the_response_code_for_all_sites" time="0.001"/>
</testsuite> <!-- Report_Test -->
