<?xml version="1.0" encoding="UTF-8"?>
<!-- Generated by org.testng.reporters.JUnitXMLReporter -->
<testsuite ignored="0" hostname="DESKTOP-S2I7VH9" failures="0" tests="6" name="Default test" time="8.086" errors="0" timestamp="2021-03-09T20:06:34 IST">
  <testcase classname="stepDefinitions3.Assign9DataProvider" name="data_provider" time="3.777"/>
  <testcase classname="stepDefinitions3.Assign9DataProvider" name="data_provider" time="1.019"/>
  <testcase classname="stepDefinitions3.Assign9DataProvider" name="data_provider" time="0.597"/>
  <testcase classname="stepDefinitions3.Assign9DataProvider" name="getting_response_from_website_provided" time="2.592"/>
  <testcase classname="stepDefinitions3.Assign9DataProvider" name="getting_website" time="0.005"/>
  <testcase classname="stepDefinitions3.Assign9DataProvider" name="validating_the_response_code_for_all_sites" time="0.003"/>
</testsuite> <!-- Default test -->
