<?xml version="1.0" encoding="UTF-8"?>
<!-- Generated by org.testng.reporters.JUnitXMLReporter -->
<testsuite ignored="0" hostname="DESKTOP-S2I7VH9" failures="0" tests="3" name="Default test" time="7.857" errors="0" timestamp="2021-03-10T11:38:48 IST">
  <testcase classname="stepDefinitions3.exchangeSD3" name="api_for_foreign_exchange" time="0.013"/>
  <testcase classname="stepDefinitions3.exchangeSD3" name="posted_with_correct_information" time="0.003"/>
  <testcase classname="stepDefinitions3.exchangeSD3" name="validate_positive_response_code_received" time="7.777"/>
</testsuite> <!-- Default test -->
