<?xml version="1.0" encoding="UTF-8"?>
<!-- Generated by org.testng.reporters.JUnitXMLReporter -->
<testsuite ignored="0" hostname="DESKTOP-S2I7VH9" failures="0" tests="3" name="Report Test" time="22.027" errors="0" timestamp="2021-03-09T09:38:03 IST">
  <testcase classname="stepDefinitions3.Assign9DataProvider" name="getting_site_website" time="7.237"/>
  <testcase classname="stepDefinitions3.Assign9DataProvider" name="getting_site_website" time="10.26"/>
  <testcase classname="stepDefinitions3.Assign9DataProvider" name="getting_site_website" time="4.449"/>
</testsuite> <!-- Report Test -->
