<?xml version="1.0" encoding="UTF-8"?>
<testng-results ignored="0" total="6" passed="6" failed="0" skipped="0">
  <reporter-output>
  </reporter-output>
  <suite started-at="2021-03-11T09:00:47 IST" name="Default suite" finished-at="2021-03-11T09:00:54 IST" duration-ms="6706">
    <groups>
    </groups>
    <test started-at="2021-03-11T09:00:47 IST" name="Default test" finished-at="2021-03-11T09:00:54 IST" duration-ms="6706">
      <class name="stepDefinitions3.Assign9DataProvider">
        <test-method signature="fetching_data(java.lang.String)[pri:1, instance:stepDefinitions3.Assign9DataProvider@33990a0c]" started-at="2021-03-11T09:00:47 IST" name="fetching_data" data-provider="SearchProvider" finished-at="2021-03-11T09:00:51 IST" duration-ms="3562" status="PASS">
          <params>
            <param index="0">
              <value>
                <![CDATA[https://www.google.com/]]>
              </value>
            </param>
          </params>
          <reporter-output>
          </reporter-output>
        </test-method> <!-- fetching_data -->
        <test-method signature="fetching_data(java.lang.String)[pri:1, instance:stepDefinitions3.Assign9DataProvider@33990a0c]" started-at="2021-03-11T09:00:51 IST" name="fetching_data" data-provider="SearchProvider" finished-at="2021-03-11T09:00:52 IST" duration-ms="1048" status="PASS">
          <params>
            <param index="0">
              <value>
                <![CDATA[https://in.yahoo.com/]]>
              </value>
            </param>
          </params>
          <reporter-output>
          </reporter-output>
        </test-method> <!-- fetching_data -->
        <test-method signature="fetching_data(java.lang.String)[pri:1, instance:stepDefinitions3.Assign9DataProvider@33990a0c]" started-at="2021-03-11T09:00:52 IST" name="fetching_data" data-provider="SearchProvider" finished-at="2021-03-11T09:00:53 IST" duration-ms="1197" status="PASS">
          <params>
            <param index="0">
              <value>
                <![CDATA[https://api.ratesapi.io/]]>
              </value>
            </param>
          </params>
          <reporter-output>
          </reporter-output>
        </test-method> <!-- fetching_data -->
        <test-method signature="getting_website()[pri:2, instance:stepDefinitions3.Assign9DataProvider@33990a0c]" started-at="2021-03-11T09:00:53 IST" name="getting_website" finished-at="2021-03-11T09:00:53 IST" duration-ms="4" status="PASS">
          <reporter-output>
          </reporter-output>
        </test-method> <!-- getting_website -->
        <test-method signature="getting_response_from_website_provided()[pri:3, instance:stepDefinitions3.Assign9DataProvider@33990a0c]" started-at="2021-03-11T09:00:53 IST" name="getting_response_from_website_provided" finished-at="2021-03-11T09:00:54 IST" duration-ms="784" status="PASS">
          <reporter-output>
          </reporter-output>
        </test-method> <!-- getting_response_from_website_provided -->
        <test-method signature="validating_the_response_code_for_all_sites()[pri:4, instance:stepDefinitions3.Assign9DataProvider@33990a0c]" started-at="2021-03-11T09:00:54 IST" name="validating_the_response_code_for_all_sites" finished-at="2021-03-11T09:00:54 IST" duration-ms="4" status="PASS">
          <reporter-output>
          </reporter-output>
        </test-method> <!-- validating_the_response_code_for_all_sites -->
      </class> <!-- stepDefinitions3.Assign9DataProvider -->
    </test> <!-- Default test -->
  </suite> <!-- Default suite -->
</testng-results>
