<?xml version="1.0" encoding="UTF-8"?>
<testng-results ignored="0" total="6" passed="6" failed="0" skipped="0">
  <reporter-output>
  </reporter-output>
  <suite started-at="2021-03-09T20:06:26 IST" name="Default suite" finished-at="2021-03-09T20:06:34 IST" duration-ms="8086">
    <groups>
    </groups>
    <test started-at="2021-03-09T20:06:26 IST" name="Default test" finished-at="2021-03-09T20:06:34 IST" duration-ms="8086">
      <class name="runners.TestRunner1">
        <test-method signature="data_provider(java.lang.String)[pri:0, instance:runners.TestRunner1@383bfa16]" started-at="2021-03-09T20:06:26 IST" name="data_provider" data-provider="SearchProvider" finished-at="2021-03-09T20:06:30 IST" duration-ms="3777" status="PASS">
          <params>
            <param index="0">
              <value>
                <![CDATA[https://www.google.com/]]>
              </value>
            </param>
          </params>
          <reporter-output>
          </reporter-output>
        </test-method> <!-- data_provider -->
        <test-method signature="data_provider(java.lang.String)[pri:0, instance:runners.TestRunner1@383bfa16]" started-at="2021-03-09T20:06:30 IST" name="data_provider" data-provider="SearchProvider" finished-at="2021-03-09T20:06:31 IST" duration-ms="1019" status="PASS">
          <params>
            <param index="0">
              <value>
                <![CDATA[https://in.yahoo.com/]]>
              </value>
            </param>
          </params>
          <reporter-output>
          </reporter-output>
        </test-method> <!-- data_provider -->
        <test-method signature="data_provider(java.lang.String)[pri:0, instance:runners.TestRunner1@383bfa16]" started-at="2021-03-09T20:06:31 IST" name="data_provider" data-provider="SearchProvider" finished-at="2021-03-09T20:06:31 IST" duration-ms="597" status="PASS">
          <params>
            <param index="0">
              <value>
                <![CDATA[https://api.ratesapi.io/]]>
              </value>
            </param>
          </params>
          <reporter-output>
          </reporter-output>
        </test-method> <!-- data_provider -->
        <test-method signature="getting_response_from_website_provided()[pri:0, instance:runners.TestRunner1@383bfa16]" started-at="2021-03-09T20:06:31 IST" name="getting_response_from_website_provided" finished-at="2021-03-09T20:06:34 IST" duration-ms="2592" status="PASS">
          <reporter-output>
          </reporter-output>
        </test-method> <!-- getting_response_from_website_provided -->
        <test-method signature="getting_website()[pri:0, instance:runners.TestRunner1@383bfa16]" started-at="2021-03-09T20:06:34 IST" name="getting_website" finished-at="2021-03-09T20:06:34 IST" duration-ms="5" status="PASS">
          <reporter-output>
          </reporter-output>
        </test-method> <!-- getting_website -->
        <test-method signature="validating_the_response_code_for_all_sites()[pri:0, instance:runners.TestRunner1@383bfa16]" started-at="2021-03-09T20:06:34 IST" name="validating_the_response_code_for_all_sites" finished-at="2021-03-09T20:06:34 IST" duration-ms="3" status="PASS">
          <reporter-output>
          </reporter-output>
        </test-method> <!-- validating_the_response_code_for_all_sites -->
      </class> <!-- runners.TestRunner1 -->
    </test> <!-- Default test -->
  </suite> <!-- Default suite -->
</testng-results>
